# JRE version: 7.0_25-b17
# Java VM: Java HotSpot(TM) 64-Bit Server VM (23.25-b01 mixed mode windows-amd64 compressed oops)
Heap
 PSYoungGen      total 97152K, used 29953K [0x00000007d5560000, 0x00000007e46a0000, 0x0000000800000000)
  eden space 96704K, 30% used [0x00000007d5560000,0x00000007d7230738,0x00000007db3d0000)
  from space 448K, 100% used [0x00000007e4630000,0x00000007e46a0000,0x00000007e46a0000)
  to   space 2432K, 0% used [0x00000007e41e0000,0x00000007e41e0000,0x00000007e4440000)
 ParOldGen       total 87424K, used 9108K [0x0000000780000000, 0x0000000785560000, 0x00000007d5560000)
  object space 87424K, 10% used [0x0000000780000000,0x00000007808e50f0,0x0000000785560000)
 PSPermGen       total 21248K, used 10966K [0x000000077ae00000, 0x000000077c2c0000, 0x0000000780000000)
  object space 21248K, 51% used [0x000000077ae00000,0x000000077b8b5ac0,0x000000077c2c0000)
GC Heap History (10 events):
Event: 15.558 GC heap before
{Heap before GC invocations=32 (full 0):
 PSYoungGen      total 117696K, used 117696K [0x00000007d5560000, 0x00000007e4780000, 0x0000000800000000)
  eden space 117504K, 100% used [0x00000007d5560000,0x00000007dc820000,0x00000007dc820000)
  from space 192K, 100% used [0x00000007e46a0000,0x00000007e46d0000,0x00000007e46d0000)
  to   space 512K, 0% used [0x00000007e4700000,0x00000007e4700000,0x00000007e4780000)
 ParOldGen       total 87424K, used 3560K [0x0000000780000000, 0x0000000785560000, 0x00000007d5560000)
  object space 87424K, 4% used [0x0000000780000000,0x000000078037a080,0x0000000785560000)
 PSPermGen       total 21248K, used 4329K [0x000000077ae00000, 0x000000077c2c0000, 0x0000000780000000)
  object space 21248K, 20% used [0x000000077ae00000,0x000000077b23a5d0,0x000000077c2c0000)
Event: 15.559 GC heap after
Heap after GC invocations=32 (full 0):
 PSYoungGen      total 113152K, used 144K [0x00000007d5560000, 0x00000007e4730000, 0x0000000800000000)
  eden space 112960K, 0% used [0x00000007d5560000,0x00000007d5560000,0x00000007dc3b0000)
  from space 192K, 75% used [0x00000007e4700000,0x00000007e4724010,0x00000007e4730000)
  to   space 512K, 0% used [0x00000007e4630000,0x00000007e4630000,0x00000007e46b0000)
 ParOldGen       total 87424K, used 3672K [0x0000000780000000, 0x0000000785560000, 0x00000007d5560000)
  object space 87424K, 4% used [0x0000000780000000,0x0000000780396080,0x0000000785560000)
 PSPermGen       total 21248K, used 4329K [0x000000077ae00000, 0x000000077c2c0000, 0x0000000780000000)
  object space 21248K, 20% used [0x000000077ae00000,0x000000077b23a5d0,0x000000077c2c0000)
}
Event: 15.988 GC heap before
{Heap before GC invocations=33 (full 0):
 PSYoungGen      total 113152K, used 113104K [0x00000007d5560000, 0x00000007e4730000, 0x0000000800000000)
  eden space 112960K, 100% used [0x00000007d5560000,0x00000007dc3b0000,0x00000007dc3b0000)
  from space 192K, 75% used [0x00000007e4700000,0x00000007e4724010,0x00000007e4730000)
  to   space 512K, 0% used [0x00000007e4630000,0x00000007e4630000,0x00000007e46b0000)
 ParOldGen       total 87424K, used 3672K [0x0000000780000000, 0x0000000785560000, 0x00000007d5560000)
  object space 87424K, 4% used [0x0000000780000000,0x0000000780396080,0x0000000785560000)
 PSPermGen       total 21248K, used 4329K [0x000000077ae00000, 0x000000077c2c0000, 0x0000000780000000)
  object space 21248K, 20% used [0x000000077ae00000,0x000000077b23a5d0,0x000000077c2c0000)
Event: 15.989 GC heap after
Heap after GC invocations=33 (full 0):
 PSYoungGen      total 108800K, used 160K [0x00000007d5560000, 0x00000007e4710000, 0x0000000800000000)
  eden space 108608K, 0% used [0x00000007d5560000,0x00000007d5560000,0x00000007dbf70000)
  from space 192K, 83% used [0x00000007e4630000,0x00000007e4658000,0x00000007e4660000)
  to   space 512K, 0% used [0x00000007e4690000,0x00000007e4690000,0x00000007e4710000)
 ParOldGen       total 87424K, used 3792K [0x0000000780000000, 0x0000000785560000, 0x00000007d5560000)
  object space 87424K, 4% used [0x0000000780000000,0x00000007803b4080,0x0000000785560000)
 PSPermGen       total 21248K, used 4329K [0x000000077ae00000, 0x000000077c2c0000, 0x0000000780000000)
  object space 21248K, 20% used [0x000000077ae00000,0x000000077b23a5d0,0x000000077c2c0000)
}
Event: 16.403 GC heap before
{Heap before GC invocations=34 (full 0):
 PSYoungGen      total 108800K, used 108768K [0x00000007d5560000, 0x00000007e4710000, 0x0000000800000000)
  eden space 108608K, 100% used [0x00000007d5560000,0x00000007dbf70000,0x00000007dbf70000)
  from space 192K, 83% used [0x00000007e4630000,0x00000007e4658000,0x00000007e4660000)
  to   space 512K, 0% used [0x00000007e4690000,0x00000007e4690000,0x00000007e4710000)
 ParOldGen       total 87424K, used 3792K [0x0000000780000000, 0x0000000785560000, 0x00000007d5560000)
  object space 87424K, 4% used [0x0000000780000000,0x00000007803b4080,0x0000000785560000)
 PSPermGen       total 21248K, used 4329K [0x000000077ae00000, 0x000000077c2c0000, 0x0000000780000000)
  object space 21248K, 20% used [0x000000077ae00000,0x000000077b23a5d0,0x000000077c2c0000)
Event: 16.404 GC heap after
Heap after GC invocations=34 (full 0):
 PSYoungGen      total 104640K, used 192K [0x00000007d5560000, 0x00000007e46c0000, 0x0000000800000000)
  eden space 104448K, 0% used [0x00000007d5560000,0x00000007d5560000,0x00000007dbb60000)
  from space 192K, 100% used [0x00000007e4690000,0x00000007e46c0000,0x00000007e46c0000)
  to   space 448K, 0% used [0x00000007e45e0000,0x00000007e45e0000,0x00000007e4650000)
 ParOldGen       total 87424K, used 3896K [0x0000000780000000, 0x0000000785560000, 0x00000007d5560000)
  object space 87424K, 4% used [0x0000000780000000,0x00000007803ce080,0x0000000785560000)
 PSPermGen       total 21248K, used 4329K [0x000000077ae00000, 0x000000077c2c0000, 0x0000000780000000)
  object space 21248K, 20% used [0x000000077ae00000,0x000000077b23a5d0,0x000000077c2c0000)
}
Event: 16.802 GC heap before
{Heap before GC invocations=35 (full 0):
 PSYoungGen      total 104640K, used 104640K [0x00000007d5560000, 0x00000007e46c0000, 0x0000000800000000)
  eden space 104448K, 100% used [0x00000007d5560000,0x00000007dbb60000,0x00000007dbb60000)
  from space 192K, 100% used [0x00000007e4690000,0x00000007e46c0000,0x00000007e46c0000)
  to   space 448K, 0% used [0x00000007e45e0000,0x00000007e45e0000,0x00000007e4650000)
 ParOldGen       total 87424K, used 3896K [0x0000000780000000, 0x0000000785560000, 0x00000007d5560000)
  object space 87424K, 4% used [0x0000000780000000,0x00000007803ce080,0x0000000785560000)
 PSPermGen       total 21248K, used 4329K [0x000000077ae00000, 0x000000077c2c0000, 0x0000000780000000)
  object space 21248K, 20% used [0x000000077ae00000,0x000000077b23a5d0,0x000000077c2c0000)
Event: 16.805 GC heap after
Heap after GC invocations=35 (full 0):
 PSYoungGen      total 100672K, used 160K [0x00000007d5560000, 0x00000007e46a0000, 0x0000000800000000)
  eden space 100480K, 0% used [0x00000007d5560000,0x00000007d5560000,0x00000007db780000)
  from space 192K, 83% used [0x00000007e45e0000,0x00000007e4608000,0x00000007e4610000)
  to   space 448K, 0% used [0x00000007e4630000,0x00000007e4630000,0x00000007e46a0000)
 ParOldGen       total 87424K, used 4008K [0x0000000780000000, 0x0000000785560000, 0x00000007d5560000)
  object space 87424K, 4% used [0x0000000780000000,0x00000007803ea080,0x0000000785560000)
 PSPermGen       total 21248K, used 4329K [0x000000077ae00000, 0x000000077c2c0000, 0x0000000780000000)
  object space 21248K, 20% used [0x000000077ae00000,0x000000077b23a5d0,0x000000077c2c0000)
}
Event: 18.453 GC heap before
{Heap before GC invocations=36 (full 0):
 PSYoungGen      total 100672K, used 100640K [0x00000007d5560000, 0x00000007e46a0000, 0x0000000800000000)
  eden space 100480K, 100% used [0x00000007d5560000,0x00000007db780000,0x00000007db780000)
  from space 192K, 83% used [0x00000007e45e0000,0x00000007e4608000,0x00000007e4610000)
  to   space 448K, 0% used [0x00000007e4630000,0x00000007e4630000,0x00000007e46a0000)
 ParOldGen       total 87424K, used 4008K [0x0000000780000000, 0x0000000785560000, 0x00000007d5560000)
  object space 87424K, 4% used [0x0000000780000000,0x00000007803ea080,0x0000000785560000)
 PSPermGen       total 21248K, used 8958K [0x000000077ae00000, 0x000000077c2c0000, 0x0000000780000000)
  object space 21248K, 42% used [0x000000077ae00000,0x000000077b6bfa10,0x000000077c2c0000)
Event: 18.471 GC heap after
Heap after GC invocations=36 (full 0):
 PSYoungGen      total 97152K, used 448K [0x00000007d5560000, 0x00000007e46a0000, 0x0000000800000000)
  eden space 96704K, 0% used [0x00000007d5560000,0x00000007d5560000,0x00000007db3d0000)
  from space 448K, 100% used [0x00000007e4630000,0x00000007e46a0000,0x00000007e46a0000)
  to   space 2432K, 0% used [0x00000007e41e0000,0x00000007e41e0000,0x00000007e4440000)
 ParOldGen       total 87424K, used 9108K [0x0000000780000000, 0x0000000785560000, 0x00000007d5560000)
  object space 87424K, 10% used [0x0000000780000000,0x00000007808e50f0,0x0000000785560000)
 PSPermGen       total 21248K, used 8958K [0x000000077ae00000, 0x000000077c2c0000, 0x0000000780000000)
  object space 21248K, 42% used [0x000000077ae00000,0x000000077b6bfa10,0x000000077c2c0000)
}

